<?xml version="1.0" encoding="UTF-8"?>
<testsuite name="it.unimi.di.sweng.DoublyLinkedListTest" tests="9" skipped="0" failures="0" errors="0" timestamp="2023-11-03T21:18:47" hostname="LAPTOP-48NFCC9J" time="0.274">
  <properties/>
  <testcase name="testMorePushPop()" classname="it.unimi.di.sweng.DoublyLinkedListTest" time="0.136"/>
  <testcase name="testExample()" classname="it.unimi.di.sweng.DoublyLinkedListTest" time="0.021"/>
  <testcase name="testShiftExceptionalSituation()" classname="it.unimi.di.sweng.DoublyLinkedListTest" time="0.015"/>
  <testcase name="testPopExceptionalSituation()" classname="it.unimi.di.sweng.DoublyLinkedListTest" time="0.005"/>
  <testcase name="testPushPop()" classname="it.unimi.di.sweng.DoublyLinkedListTest" time="0.002"/>
  <testcase name="testPushShift()" classname="it.unimi.di.sweng.DoublyLinkedListTest" time="0.002"/>
  <testcase name="testUnshiftPop()" classname="it.unimi.di.sweng.DoublyLinkedListTest" time="0.007"/>
  <testcase name="testUnshiftShift()" classname="it.unimi.di.sweng.DoublyLinkedListTest" time="0.017"/>
  <testcase name="testMorePushShift()" classname="it.unimi.di.sweng.DoublyLinkedListTest" time="0.011"/>
  <system-out><![CDATA[]]></system-out>
  <system-err><![CDATA[]]></system-err>
</testsuite>
